<?xml version="1.0" ?>
<coverage branch-rate="0" line-rate="0.9577" timestamp="1460151796566" version="4.0.3">
	<!-- Generated by coverage.py: https://coverage.readthedocs.org -->
	<!-- Based on https://raw.githubusercontent.com/cobertura/web/f0366e5e2cf18f111cbd61fc34ef720a6584ba02/htdocs/xml/coverage-03.dtd -->
	<sources>
		<source>/Users/benranderson/Google Drive/dev/wallthick</source>
		<source>/Users/benranderson/Google Drive/dev/wallthick/wallthick</source>
	</sources>
	<packages>
		<package branch-rate="0" complexity="0" line-rate="1" name="wallthick">
			<classes>
				<class branch-rate="0" complexity="0" filename="wallthick/__init__.py" line-rate="1" name="__init__.py">
					<methods/>
					<lines/>
				</class>
				<class branch-rate="0" complexity="0" filename="wallthick/input_classes.py" line-rate="1" name="input_classes.py">
					<methods/>
					<lines>
						<line hits="1" number="4"/>
						<line hits="1" number="5"/>
						<line hits="1" number="8"/>
						<line hits="1" number="11"/>
						<line hits="1" number="12"/>
						<line hits="1" number="13"/>
						<line hits="1" number="14"/>
						<line hits="1" number="15"/>
						<line hits="1" number="18"/>
						<line hits="1" number="21"/>
						<line hits="1" number="22"/>
						<line hits="1" number="23"/>
						<line hits="1" number="24"/>
						<line hits="1" number="25"/>
						<line hits="1" number="26"/>
						<line hits="1" number="27"/>
						<line hits="1" number="28"/>
						<line hits="1" number="29"/>
						<line hits="1" number="31"/>
						<line hits="1" number="34"/>
						<line hits="1" number="37"/>
						<line hits="1" number="40"/>
						<line hits="1" number="41"/>
						<line hits="1" number="42"/>
						<line hits="1" number="43"/>
						<line hits="1" number="44"/>
						<line hits="1" number="45"/>
						<line hits="1" number="47"/>
						<line hits="1" number="50"/>
						<line hits="1" number="53"/>
						<line hits="1" number="56"/>
						<line hits="1" number="57"/>
						<line hits="1" number="58"/>
						<line hits="1" number="59"/>
						<line hits="1" number="60"/>
						<line hits="1" number="61"/>
						<line hits="1" number="62"/>
						<line hits="1" number="65"/>
						<line hits="1" number="73"/>
						<line hits="1" number="75"/>
						<line hits="1" number="78"/>
						<line hits="1" number="87"/>
						<line hits="1" number="93"/>
						<line hits="1" number="100"/>
						<line hits="1" number="102"/>
						<line hits="1" number="104"/>
						<line hits="1" number="105"/>
						<line hits="1" number="106"/>
					</lines>
				</class>
				<class branch-rate="0" complexity="0" filename="wallthick/post_process.py" line-rate="1" name="post_process.py">
					<methods/>
					<lines/>
				</class>
			</classes>
		</package>
		<package branch-rate="0" complexity="0" line-rate="0.9433" name="wallthick.codes">
			<classes>
				<class branch-rate="0" complexity="0" filename="wallthick/codes/__init__.py" line-rate="1" name="__init__.py">
					<methods/>
					<lines/>
				</class>
				<class branch-rate="0" complexity="0" filename="wallthick/codes/api5l.py" line-rate="1" name="api5l.py">
					<methods/>
					<lines>
						<line hits="1" number="7"/>
						<line hits="1" number="43"/>
						<line hits="1" number="49"/>
						<line hits="1" number="50"/>
						<line hits="1" number="52"/>
						<line hits="1" number="54"/>
						<line hits="1" number="57"/>
						<line hits="1" number="59"/>
						<line hits="1" number="60"/>
						<line hits="1" number="61"/>
						<line hits="1" number="63"/>
						<line hits="1" number="64"/>
						<line hits="1" number="65"/>
					</lines>
				</class>
				<class branch-rate="0" complexity="0" filename="wallthick/codes/dnvf101.py" line-rate="1" name="dnvf101.py">
					<methods/>
					<lines>
						<line hits="1" number="4"/>
						<line hits="1" number="7"/>
						<line hits="1" number="8"/>
						<line hits="1" number="21"/>
						<line hits="1" number="35"/>
						<line hits="1" number="43"/>
						<line hits="1" number="51"/>
						<line hits="1" number="54"/>
						<line hits="1" number="58"/>
						<line hits="1" number="59"/>
						<line hits="1" number="61"/>
						<line hits="1" number="62"/>
						<line hits="1" number="63"/>
						<line hits="1" number="64"/>
						<line hits="1" number="66"/>
						<line hits="1" number="67"/>
						<line hits="1" number="69"/>
						<line hits="1" number="87"/>
						<line hits="1" number="90"/>
						<line hits="1" number="96"/>
						<line hits="1" number="99"/>
						<line hits="1" number="104"/>
						<line hits="1" number="107"/>
						<line hits="1" number="110"/>
						<line hits="1" number="111"/>
						<line hits="1" number="112"/>
						<line hits="1" number="113"/>
						<line hits="1" number="114"/>
						<line hits="1" number="115"/>
						<line hits="1" number="116"/>
						<line hits="1" number="117"/>
						<line hits="1" number="119"/>
						<line hits="1" number="121"/>
						<line hits="1" number="123"/>
					</lines>
				</class>
				<class branch-rate="0" complexity="0" filename="wallthick/codes/pd8010.py" line-rate="0.9149" name="pd8010.py">
					<methods/>
					<lines>
						<line hits="1" number="6"/>
						<line hits="1" number="7"/>
						<line hits="1" number="8"/>
						<line hits="1" number="9"/>
						<line hits="1" number="15"/>
						<line hits="1" number="16"/>
						<line hits="1" number="23"/>
						<line hits="1" number="30"/>
						<line hits="1" number="37"/>
						<line hits="1" number="40"/>
						<line hits="1" number="44"/>
						<line hits="1" number="51"/>
						<line hits="1" number="57"/>
						<line hits="1" number="64"/>
						<line hits="1" number="70"/>
						<line hits="1" number="73"/>
						<line hits="1" number="79"/>
						<line hits="1" number="80"/>
						<line hits="1" number="83"/>
						<line hits="1" number="93"/>
						<line hits="1" number="94"/>
						<line hits="1" number="95"/>
						<line hits="1" number="96"/>
						<line hits="1" number="97"/>
						<line hits="1" number="104"/>
						<line hits="1" number="116"/>
						<line hits="1" number="122"/>
						<line hits="1" number="124"/>
						<line hits="1" number="130"/>
						<line hits="1" number="132"/>
						<line hits="1" number="138"/>
						<line hits="1" number="139"/>
						<line hits="1" number="140"/>
						<line hits="1" number="142"/>
						<line hits="1" number="149"/>
						<line hits="1" number="157"/>
						<line hits="1" number="164"/>
						<line hits="1" number="170"/>
						<line hits="1" number="172"/>
						<line hits="1" number="176"/>
						<line hits="1" number="178"/>
						<line hits="1" number="185"/>
						<line hits="1" number="200"/>
						<line hits="1" number="204"/>
						<line hits="1" number="206"/>
						<line hits="0" number="210"/>
						<line hits="0" number="211"/>
						<line hits="0" number="212"/>
						<line hits="1" number="215"/>
						<line hits="1" number="216"/>
						<line hits="1" number="219"/>
						<line hits="1" number="222"/>
						<line hits="1" number="231"/>
						<line hits="1" number="234"/>
						<line hits="1" number="249"/>
						<line hits="1" number="252"/>
						<line hits="1" number="253"/>
						<line hits="1" number="255"/>
						<line hits="1" number="262"/>
						<line hits="1" number="263"/>
						<line hits="1" number="264"/>
						<line hits="1" number="266"/>
						<line hits="1" number="269"/>
						<line hits="1" number="277"/>
						<line hits="1" number="282"/>
						<line hits="1" number="288"/>
						<line hits="1" number="289"/>
						<line hits="1" number="292"/>
						<line hits="1" number="293"/>
						<line hits="1" number="295"/>
						<line hits="1" number="297"/>
						<line hits="1" number="332"/>
						<line hits="1" number="336"/>
						<line hits="1" number="340"/>
						<line hits="1" number="341"/>
						<line hits="1" number="344"/>
						<line hits="1" number="345"/>
						<line hits="0" number="347"/>
						<line hits="1" number="349"/>
						<line hits="1" number="352"/>
						<line hits="1" number="355"/>
						<line hits="1" number="361"/>
						<line hits="1" number="364"/>
						<line hits="1" number="370"/>
						<line hits="1" number="377"/>
						<line hits="1" number="382"/>
						<line hits="1" number="383"/>
						<line hits="1" number="385"/>
						<line hits="1" number="388"/>
						<line hits="0" number="393"/>
						<line hits="0" number="420"/>
						<line hits="0" number="421"/>
						<line hits="1" number="423"/>
						<line hits="0" number="427"/>
					</lines>
				</class>
			</classes>
		</package>
	</packages>
</coverage>
